2023-10-29 14:08:02,623 INFO o.s.b.StartupInfoLogger [main] Starting Main using Java 21.0.1 with PID 133745 (/home/martin/Desktop/Folder/fid_543263356_files_reservation/file-543263356-543263356_Group-main_9_856464513737525(10)/543263356_Group-main_9_856464513737525/Group#-main/main/target/classes started by martin in /home/martin/Desktop/Folder/fid_543263356_files_reservation/file-543263356-543263356_Group-main_9_856464513737525(10))
2023-10-29 14:08:02,657 INFO o.s.b.SpringApplication [main] The following 2 profiles are active: "user-database", "jwt"
2023-10-29 14:08:15,517 INFO o.s.b.StartupInfoLogger [main] Started Main in 14.258 seconds (process running for 17.571)
2023-10-29 14:23:30,718 INFO o.s.b.StartupInfoLogger [main] Starting Main using Java 21.0.1 with PID 136061 (/home/martin/Desktop/Folder/fid_543263356_files_reservation/file-543263356-543263356_Group-main_9_856464513737525(10)/543263356_Group-main_9_856464513737525/Group#-main/main/target/classes started by martin in /home/martin/Desktop/Folder/fid_543263356_files_reservation/file-543263356-543263356_Group-main_9_856464513737525(10))
2023-10-29 14:23:30,789 INFO o.s.b.SpringApplication [main] The following 2 profiles are active: "user-database", "jwt"
2023-10-29 14:23:53,393 INFO o.s.b.StartupInfoLogger [main] Started Main in 24.88 seconds (process running for 29.573)
2023-10-29 17:01:09,793 INFO o.s.b.StartupInfoLogger [main] Starting Main using Java 21.0.1 with PID 153406 (/home/martin/Desktop/Folder/fid_543263356_files_reservation/file-543263356-543263356_Group-main_9_856464513737525(10)/543263356_Group-main_9_856464513737525/Group#-main/main/target/classes started by martin in /home/martin/Desktop/Folder/fid_543263356_files_reservation/file-543263356-543263356_Group-main_9_856464513737525(10))
2023-10-29 17:01:09,932 INFO o.s.b.SpringApplication [main] The following 2 profiles are active: "user-database", "jwt"
2023-10-29 17:09:52,587 INFO o.s.b.StartupInfoLogger [main] Starting Main using Java 21.0.1 with PID 155115 (/home/martin/Desktop/Folder/fid_543263356_files_reservation/file-543263356-543263356_Group-main_9_856464513737525(10)/543263356_Group-main_9_856464513737525/Group#-main/main/target/classes started by martin in /home/martin/Desktop/Folder/fid_543263356_files_reservation/file-543263356-543263356_Group-main_9_856464513737525(10))
2023-10-29 17:09:52,662 INFO o.s.b.SpringApplication [main] The following 2 profiles are active: "user-database", "jwt"
2023-10-29 17:51:43,828 INFO o.s.b.StartupInfoLogger [main] Starting Main using Java 21.0.1 with PID 158063 (/home/martin/Desktop/Folder/fid_543263356_files_reservation/file-543263356-543263356_Group-main_9_856464513737525(10)/543263356_Group-main_9_856464513737525/Group#-main/main/target/classes started by martin in /home/martin/Desktop/Folder/fid_543263356_files_reservation/file-543263356-543263356_Group-main_9_856464513737525(10))
2023-10-29 17:51:43,864 INFO o.s.b.SpringApplication [main] The following 2 profiles are active: "user-database", "jwt"
2023-10-29 17:57:08,881 INFO o.s.b.StartupInfoLogger [main] Starting Main using Java 21.0.1 with PID 158558 (/home/martin/Desktop/Folder/fid_543263356_files_reservation/file-543263356-543263356_Group-main_9_856464513737525(10)/543263356_Group-main_9_856464513737525/Group#-main/main/target/classes started by martin in /home/martin/Desktop/Folder/fid_543263356_files_reservation/file-543263356-543263356_Group-main_9_856464513737525(10))
2023-10-29 17:57:08,974 INFO o.s.b.SpringApplication [main] The following 2 profiles are active: "user-database", "jwt"
2023-10-29 17:57:35,720 INFO o.s.b.StartupInfoLogger [main] Started Main in 29.298 seconds (process running for 34.801)
2023-10-29 20:44:59,976 INFO o.s.b.StartupInfoLogger [main] Starting Main using Java 21.0.1 with PID 171221 (/home/martin/Desktop/Folder/fid_543263356_files_reservation/file-543263356-543263356_Group-main_9_856464513737525(10)/543263356_Group-main_9_856464513737525/Group#-main/main/target/classes started by martin in /home/martin/Desktop/Folder/fid_543263356_files_reservation/file-543263356-543263356_Group-main_9_856464513737525(10))
2023-10-29 20:44:59,999 INFO o.s.b.SpringApplication [main] The following 2 profiles are active: "user-database", "jwt"
2023-10-29 20:45:11,619 INFO o.s.b.StartupInfoLogger [main] Started Main in 12.785 seconds (process running for 17.211)
2023-10-29 20:48:19,654 INFO o.s.b.StartupInfoLogger [main] Starting Main using Java 21.0.1 with PID 171360 (/home/martin/Desktop/Folder/fid_543263356_files_reservation/file-543263356-543263356_Group-main_9_856464513737525(10)/543263356_Group-main_9_856464513737525/Group#-main/main/target/classes started by martin in /home/martin/Desktop/Folder/fid_543263356_files_reservation/file-543263356-543263356_Group-main_9_856464513737525(10))
2023-10-29 20:48:19,694 INFO o.s.b.SpringApplication [main] The following 2 profiles are active: "user-database", "jwt"
2023-10-29 20:48:30,506 INFO o.s.b.StartupInfoLogger [main] Started Main in 11.984 seconds (process running for 16.125)
2023-10-29 20:49:45,105 INFO o.s.b.StartupInfoLogger [main] Starting Main using Java 21.0.1 with PID 171492 (/home/martin/Desktop/Folder/fid_543263356_files_reservation/file-543263356-543263356_Group-main_9_856464513737525(10)/543263356_Group-main_9_856464513737525/Group#-main/main/target/classes started by martin in /home/martin/Desktop/Folder/fid_543263356_files_reservation/file-543263356-543263356_Group-main_9_856464513737525(10))
2023-10-29 20:49:45,167 INFO o.s.b.SpringApplication [main] The following 2 profiles are active: "user-database", "jwt"
2023-10-29 20:49:55,899 INFO o.s.b.StartupInfoLogger [main] Started Main in 12.188 seconds (process running for 16.454)
2023-10-29 22:09:45,944 INFO o.s.b.StartupInfoLogger [main] Starting Main using Java 21.0.1 with PID 174078 (/home/martin/Desktop/Folder/fid_543263356_files_reservation/file-543263356-543263356_Group-main_9_856464513737525(10)/543263356_Group-main_9_856464513737525/Group#-main/main/target/classes started by martin in /home/martin/Desktop/Folder/fid_543263356_files_reservation/file-543263356-543263356_Group-main_9_856464513737525(10))
2023-10-29 22:09:45,992 INFO o.s.b.SpringApplication [main] The following 2 profiles are active: "user-database", "jwt"
2023-10-29 22:09:57,457 INFO o.s.b.StartupInfoLogger [main] Started Main in 12.69 seconds (process running for 16.431)
2023-10-29 22:10:52,041 INFO o.s.b.StartupInfoLogger [main] Starting Main using Java 21.0.1 with PID 174240 (/home/martin/Desktop/Folder/fid_543263356_files_reservation/file-543263356-543263356_Group-main_9_856464513737525(10)/543263356_Group-main_9_856464513737525/Group#-main/main/target/classes started by martin in /home/martin/Desktop/Folder/fid_543263356_files_reservation/file-543263356-543263356_Group-main_9_856464513737525(10))
2023-10-29 22:10:52,070 INFO o.s.b.SpringApplication [main] The following 2 profiles are active: "user-database", "jwt"
2023-10-29 22:11:02,260 INFO o.s.b.StartupInfoLogger [main] Started Main in 11.202 seconds (process running for 14.357)
2023-10-29 22:12:23,800 INFO o.s.b.StartupInfoLogger [main] Starting Main using Java 21.0.1 with PID 174358 (/home/martin/Desktop/Folder/fid_543263356_files_reservation/file-543263356-543263356_Group-main_9_856464513737525(10)/543263356_Group-main_9_856464513737525/Group#-main/main/target/classes started by martin in /home/martin/Desktop/Folder/fid_543263356_files_reservation/file-543263356-543263356_Group-main_9_856464513737525(10))
2023-10-29 22:12:23,824 INFO o.s.b.SpringApplication [main] The following 2 profiles are active: "user-database", "jwt"
2023-10-29 22:12:34,746 INFO o.s.b.StartupInfoLogger [main] Started Main in 12.038 seconds (process running for 15.497)
2023-10-29 22:13:23,106 INFO o.s.b.StartupInfoLogger [main] Starting Main using Java 21.0.1 with PID 174472 (/home/martin/Desktop/Folder/fid_543263356_files_reservation/file-543263356-543263356_Group-main_9_856464513737525(10)/543263356_Group-main_9_856464513737525/Group#-main/main/target/classes started by martin in /home/martin/Desktop/Folder/fid_543263356_files_reservation/file-543263356-543263356_Group-main_9_856464513737525(10))
2023-10-29 22:13:23,192 INFO o.s.b.SpringApplication [main] The following 2 profiles are active: "user-database", "jwt"
2023-10-29 22:13:36,549 INFO o.s.b.StartupInfoLogger [main] Started Main in 14.932 seconds (process running for 18.183)
2023-10-29 22:13:46,662 INFO o.s.b.StartupInfoLogger [main] Starting Main using Java 21.0.1 with PID 174567 (/home/martin/Desktop/Folder/fid_543263356_files_reservation/file-543263356-543263356_Group-main_9_856464513737525(10)/543263356_Group-main_9_856464513737525/Group#-main/main/target/classes started by martin in /home/martin/Desktop/Folder/fid_543263356_files_reservation/file-543263356-543263356_Group-main_9_856464513737525(10))
2023-10-29 22:13:46,708 INFO o.s.b.SpringApplication [main] The following 2 profiles are active: "user-database", "jwt"
2023-10-29 22:13:56,979 INFO o.s.b.StartupInfoLogger [main] Started Main in 11.484 seconds (process running for 14.585)
2023-10-29 22:15:52,120 INFO o.s.b.StartupInfoLogger [main] Starting Main using Java 21.0.1 with PID 174773 (/home/martin/Desktop/Folder/fid_543263356_files_reservation/file-543263356-543263356_Group-main_9_856464513737525(10)/543263356_Group-main_9_856464513737525/Group#-main/main/target/classes started by martin in /home/martin/Desktop/Folder/fid_543263356_files_reservation/file-543263356-543263356_Group-main_9_856464513737525(10))
2023-10-29 22:15:52,170 INFO o.s.b.SpringApplication [main] The following 2 profiles are active: "user-database", "jwt"
2023-10-29 22:16:11,548 INFO o.s.b.StartupInfoLogger [main] Started Main in 21.489 seconds (process running for 25.672)
2023-10-29 22:16:58,831 INFO o.s.b.StartupInfoLogger [main] Starting Main using Java 21.0.1 with PID 174900 (/home/martin/Desktop/Folder/fid_543263356_files_reservation/file-543263356-543263356_Group-main_9_856464513737525(10)/543263356_Group-main_9_856464513737525/Group#-main/main/target/classes started by martin in /home/martin/Desktop/Folder/fid_543263356_files_reservation/file-543263356-543263356_Group-main_9_856464513737525(10))
2023-10-29 22:16:58,878 INFO o.s.b.SpringApplication [main] The following 2 profiles are active: "user-database", "jwt"
2023-10-29 22:17:17,478 INFO o.s.b.StartupInfoLogger [main] Started Main in 20.217 seconds (process running for 23.536)
2023-10-29 22:20:44,650 INFO o.s.b.StartupInfoLogger [main] Starting Main using Java 21.0.1 with PID 175087 (/home/martin/Desktop/Folder/fid_543263356_files_reservation/file-543263356-543263356_Group-main_9_856464513737525(10)/543263356_Group-main_9_856464513737525/Group#-main/main/target/classes started by martin in /home/martin/Desktop/Folder/fid_543263356_files_reservation/file-543263356-543263356_Group-main_9_856464513737525(10))
2023-10-29 22:20:44,682 INFO o.s.b.SpringApplication [main] The following 2 profiles are active: "user-database", "jwt"
2023-10-29 22:21:04,760 INFO o.s.b.StartupInfoLogger [main] Started Main in 21.307 seconds (process running for 24.44)
2023-10-29 22:22:13,601 INFO o.s.b.StartupInfoLogger [main] Starting Main using Java 21.0.1 with PID 175236 (/home/martin/Desktop/Folder/fid_543263356_files_reservation/file-543263356-543263356_Group-main_9_856464513737525(10)/543263356_Group-main_9_856464513737525/Group#-main/main/target/classes started by martin in /home/martin/Desktop/Folder/fid_543263356_files_reservation/file-543263356-543263356_Group-main_9_856464513737525(10))
2023-10-29 22:22:13,644 INFO o.s.b.SpringApplication [main] The following 2 profiles are active: "user-database", "jwt"
2023-10-29 22:22:27,140 INFO o.s.b.StartupInfoLogger [main] Started Main in 15.177 seconds (process running for 19.875)
2023-10-29 22:24:42,026 INFO o.s.b.StartupInfoLogger [main] Starting Main using Java 21.0.1 with PID 175383 (/home/martin/Desktop/Folder/fid_543263356_files_reservation/file-543263356-543263356_Group-main_9_856464513737525(10)/543263356_Group-main_9_856464513737525/Group#-main/main/target/classes started by martin in /home/martin/Desktop/Folder/fid_543263356_files_reservation/file-543263356-543263356_Group-main_9_856464513737525(10))
2023-10-29 22:24:42,069 INFO o.s.b.SpringApplication [main] The following 2 profiles are active: "user-database", "jwt"
2023-10-29 22:24:57,698 INFO o.s.b.StartupInfoLogger [main] Started Main in 17.325 seconds (process running for 20.869)
2023-10-29 22:26:27,547 INFO o.s.b.StartupInfoLogger [main] Starting Main using Java 21.0.1 with PID 175560 (/home/martin/Desktop/Folder/fid_543263356_files_reservation/file-543263356-543263356_Group-main_9_856464513737525(10)/543263356_Group-main_9_856464513737525/Group#-main/main/target/classes started by martin in /home/martin/Desktop/Folder/fid_543263356_files_reservation/file-543263356-543263356_Group-main_9_856464513737525(10))
2023-10-29 22:26:27,569 INFO o.s.b.SpringApplication [main] The following 2 profiles are active: "user-database", "jwt"
2023-10-29 22:26:39,550 INFO o.s.b.StartupInfoLogger [main] Started Main in 13.163 seconds (process running for 16.649)
2023-10-29 22:28:12,277 INFO o.s.b.StartupInfoLogger [main] Starting Main using Java 21.0.1 with PID 175696 (/home/martin/Desktop/Folder/fid_543263356_files_reservation/file-543263356-543263356_Group-main_9_856464513737525(10)/543263356_Group-main_9_856464513737525/Group#-main/main/target/classes started by martin in /home/martin/Desktop/Folder/fid_543263356_files_reservation/file-543263356-543263356_Group-main_9_856464513737525(10))
2023-10-29 22:28:12,339 INFO o.s.b.SpringApplication [main] The following 2 profiles are active: "user-database", "jwt"
2023-10-29 22:28:30,932 INFO o.s.b.StartupInfoLogger [main] Started Main in 19.942 seconds (process running for 23.907)
2023-10-29 22:36:54,088 INFO o.s.b.StartupInfoLogger [main] Starting Main using Java 21.0.1 with PID 175970 (/home/martin/Desktop/Folder/fid_543263356_files_reservation/file-543263356-543263356_Group-main_9_856464513737525(10)/543263356_Group-main_9_856464513737525/Group#-main/main/target/classes started by martin in /home/martin/Desktop/Folder/fid_543263356_files_reservation/file-543263356-543263356_Group-main_9_856464513737525(10))
2023-10-29 22:36:54,112 INFO o.s.b.SpringApplication [main] The following 2 profiles are active: "user-database", "jwt"
2023-10-29 22:37:06,627 INFO o.s.b.StartupInfoLogger [main] Started Main in 13.632 seconds (process running for 16.68)
2023-10-29 23:34:44,398 INFO o.s.b.StartupInfoLogger [main] Starting Main using Java 21.0.1 with PID 177489 (/home/martin/Desktop/Folder/fid_543263356_files_reservation/file-543263356-543263356_Group-main_9_856464513737525(10)/543263356_Group-main_9_856464513737525/Group#-main/main/target/classes started by martin in /home/martin/Desktop/Folder/fid_543263356_files_reservation/file-543263356-543263356_Group-main_9_856464513737525(10))
2023-10-29 23:34:44,436 INFO o.s.b.SpringApplication [main] The following 2 profiles are active: "user-database", "jwt"
2023-10-29 23:34:54,735 INFO o.s.b.StartupInfoLogger [main] Started Main in 11.455 seconds (process running for 14.213)
2023-10-29 23:50:00,848 INFO o.s.b.StartupInfoLogger [main] Starting Main using Java 21.0.1 with PID 178466 (/home/martin/Desktop/Folder/fid_543263356_files_reservation/file-543263356-543263356_Group-main_9_856464513737525(10)/543263356_Group-main_9_856464513737525/Group#-main/main/target/classes started by martin in /home/martin/Desktop/Folder/fid_543263356_files_reservation/file-543263356-543263356_Group-main_9_856464513737525(10))
2023-10-29 23:50:00,896 INFO o.s.b.SpringApplication [main] The following 2 profiles are active: "user-database", "jwt"
2023-10-29 23:50:16,872 INFO o.s.b.StartupInfoLogger [main] Started Main in 17.657 seconds (process running for 21.717)
2023-10-30 14:57:31,876 INFO o.s.b.StartupInfoLogger [main] Starting Main using Java 17.0.3 with PID 9380 (C:\Users\jwurs\Downloads\file-543263356(1)\Depaul_SE452_Group3-main\Depaul_SE452_Group3-main\main\main\target\classes started by jwurs in C:\Users\jwurs\Downloads\file-543263356(1)\Depaul_SE452_Group3-main)
2023-10-30 14:57:31,882 INFO o.s.b.SpringApplication [main] The following 2 profiles are active: "user-database", "jwt"
2023-10-30 14:57:35,345 INFO o.s.b.StartupInfoLogger [main] Started Main in 3.791 seconds (process running for 4.344)
